<?xml version="1.0" encoding="UTF-8"?>
<testng-results ignored="0" total="2" passed="2" failed="0" skipped="0">
  <reporter-output>
  </reporter-output>
  <suite started-at="2025-06-29T19:34:31 IST" name="Suite" finished-at="2025-06-29T19:35:20 IST" duration-ms="49619">
    <groups>
    </groups>
    <test started-at="2025-06-29T19:34:31 IST" name="Test" finished-at="2025-06-29T19:35:20 IST" duration-ms="49619">
      <class name="testCases.TC001_RegistrationTest">
        <test-method is-config="true" signature="setup(java.lang.String)[pri:0, instance:testCases.TC001_RegistrationTest@2667f029]" started-at="2025-06-29T19:34:31 IST" name="setup" finished-at="2025-06-29T19:34:45 IST" duration-ms="14541" status="PASS">
          <params>
            <param index="0">
              <value>
                <![CDATA[chrome]]>
              </value>
            </param>
          </params>
          <reporter-output>
          </reporter-output>
        </test-method> <!-- setup -->
        <test-method signature="registrationTest()[pri:0, instance:testCases.TC001_RegistrationTest@2667f029]" started-at="2025-06-29T19:34:45 IST" name="registrationTest" finished-at="2025-06-29T19:35:05 IST" duration-ms="19210" status="PASS">
          <reporter-output>
          </reporter-output>
        </test-method> <!-- registrationTest -->
        <test-method is-config="true" signature="teardown()[pri:0, instance:testCases.TC001_RegistrationTest@2667f029]" started-at="2025-06-29T19:35:05 IST" name="teardown" finished-at="2025-06-29T19:35:05 IST" duration-ms="336" status="PASS">
          <reporter-output>
          </reporter-output>
        </test-method> <!-- teardown -->
      </class> <!-- testCases.TC001_RegistrationTest -->
      <class name="testCases.TC002_LoginTest">
        <test-method is-config="true" signature="setup(java.lang.String)[pri:0, instance:testCases.TC002_LoginTest@64cd705f]" started-at="2025-06-29T19:35:05 IST" name="setup" finished-at="2025-06-29T19:35:17 IST" duration-ms="12018" status="PASS">
          <params>
            <param index="0">
              <value>
                <![CDATA[chrome]]>
              </value>
            </param>
          </params>
          <reporter-output>
          </reporter-output>
        </test-method> <!-- setup -->
        <test-method signature="loginTest()[pri:0, instance:testCases.TC002_LoginTest@64cd705f]" started-at="2025-06-29T19:35:17 IST" name="loginTest" finished-at="2025-06-29T19:35:20 IST" duration-ms="3144" status="PASS">
          <reporter-output>
          </reporter-output>
        </test-method> <!-- loginTest -->
        <test-method is-config="true" signature="teardown()[pri:0, instance:testCases.TC002_LoginTest@64cd705f]" started-at="2025-06-29T19:35:20 IST" name="teardown" finished-at="2025-06-29T19:35:20 IST" duration-ms="275" status="PASS">
          <reporter-output>
          </reporter-output>
        </test-method> <!-- teardown -->
      </class> <!-- testCases.TC002_LoginTest -->
    </test> <!-- Test -->
  </suite> <!-- Suite -->
</testng-results>
