<?xml version="1.0" encoding="UTF-8"?>
<testng-results ignored="0" total="1" passed="1" failed="0" skipped="0">
  <reporter-output>
  </reporter-output>
  <suite started-at="2025-06-28T20:57:15 IST" name="Suite" finished-at="2025-06-28T20:57:29 IST" duration-ms="13518">
    <groups>
    </groups>
    <test started-at="2025-06-28T20:57:15 IST" name="Test" finished-at="2025-06-28T20:57:29 IST" duration-ms="13518">
      <class name="testCases.TC002_LoginTest">
        <test-method is-config="true" signature="setup(java.lang.String)[pri:0, instance:testCases.TC002_LoginTest@3cd3e762]" started-at="2025-06-28T20:57:15 IST" name="setup" finished-at="2025-06-28T20:57:27 IST" duration-ms="11604" status="PASS">
          <params>
            <param index="0">
              <value>
                <![CDATA[chrome]]>
              </value>
            </param>
          </params>
          <reporter-output>
          </reporter-output>
        </test-method> <!-- setup -->
        <test-method signature="loginTest()[pri:0, instance:testCases.TC002_LoginTest@3cd3e762]" started-at="2025-06-28T20:57:27 IST" name="loginTest" finished-at="2025-06-28T20:57:28 IST" duration-ms="1604" status="PASS">
          <reporter-output>
          </reporter-output>
        </test-method> <!-- loginTest -->
        <test-method is-config="true" signature="teardown()[pri:0, instance:testCases.TC002_LoginTest@3cd3e762]" started-at="2025-06-28T20:57:28 IST" name="teardown" finished-at="2025-06-28T20:57:29 IST" duration-ms="239" status="PASS">
          <reporter-output>
          </reporter-output>
        </test-method> <!-- teardown -->
      </class> <!-- testCases.TC002_LoginTest -->
    </test> <!-- Test -->
  </suite> <!-- Suite -->
</testng-results>
